<?xml version='1.0' encoding='UTF-8'?>
<testsuite hostname="C02DF004MD6R" name="CheckOutTest" tests="5" errors="0" failures="0" skipped="0" time="0.014" timestamp="2022-01-11T16:35:27">
          <properties>
[...]
</properties>
          <testcase classname="CheckOutTest" name="Checkout should not apply special price if discount quantity of SKU is not met" time="0.012">
                      
                    </testcase><testcase classname="CheckOutTest" name="Checkout should correctly apply discount if discount quantity of SKU is met" time="0.0">
                      
                    </testcase><testcase classname="CheckOutTest" name="Checkout should not apply discount if no special prices are available" time="0.001">
                      
                    </testcase><testcase classname="CheckOutTest" name="Checkout should accept items in any order and apply correct discount" time="0.0">
                      
                    </testcase><testcase classname="CheckOutTest" name="Checkout should return 0 if no items in customers basket and no special prices" time="0.001">
                      
                    </testcase>
          <system-out><![CDATA[]]></system-out>
          <system-err><![CDATA[]]></system-err>
        </testsuite>